e:\mainprojects\2022\powerwriter_at_command\source\powerwriter_at_commander_windows\powerwriter_at_commander\debug\vc141.pdb
e:\mainprojects\2022\powerwriter_at_command\source\powerwriter_at_commander_windows\powerwriter_at_commander\debug\vc141.idb
e:\mainprojects\2022\powerwriter_at_command\source\powerwriter_at_commander_windows\powerwriter_at_commander\debug\powerwriter_at_samples.obj
e:\mainprojects\2022\powerwriter_at_command\source\powerwriter_at_commander_windows\powerwriter_at_commander\debug\powerwriter_at_cert.obj
e:\mainprojects\2022\powerwriter_at_command\source\powerwriter_at_commander_windows\powerwriter_at_commander\debug\powerwriter_at_api.obj
e:\mainprojects\2022\powerwriter_at_command\source\powerwriter_at_commander_windows\powerwriter_at_commander\debug\crc32.obj
e:\mainprojects\2022\powerwriter_at_command\source\powerwriter_at_commander_windows\powerwriter_at_commander\debug\aes.obj
e:\mainprojects\2022\powerwriter_at_command\source\powerwriter_at_commander_windows\powerwriter_at_commander\debug\serialportwinbase.obj
e:\mainprojects\2022\powerwriter_at_command\source\powerwriter_at_commander_windows\powerwriter_at_commander\debug\serialportinfowinbase.obj
e:\mainprojects\2022\powerwriter_at_command\source\powerwriter_at_commander_windows\powerwriter_at_commander\debug\serialportinfobase.obj
e:\mainprojects\2022\powerwriter_at_command\source\powerwriter_at_commander_windows\powerwriter_at_commander\debug\serialportinfo.obj
e:\mainprojects\2022\powerwriter_at_command\source\powerwriter_at_commander_windows\powerwriter_at_commander\debug\serialportbase.obj
e:\mainprojects\2022\powerwriter_at_command\source\powerwriter_at_commander_windows\powerwriter_at_commander\debug\serialport.obj
e:\mainprojects\2022\powerwriter_at_command\source\powerwriter_at_commander_windows\powerwriter_at_commander\debug\powerwriter_at_commander.obj
e:\mainprojects\2022\powerwriter_at_command\source\powerwriter_at_commander_windows\debug\powerwriter_at_commander.exe
e:\mainprojects\2022\powerwriter_at_command\source\powerwriter_at_commander_windows\debug\powerwriter_at_commander.ilk
e:\mainprojects\2022\powerwriter_at_command\source\powerwriter_at_commander_windows\debug\powerwriter_at_commander.pdb
e:\mainprojects\2022\powerwriter_at_command\source\powerwriter_at_commander_windows\powerwriter_at_commander\debug\powerwri.5d5fb977.tlog\cl.command.1.tlog
e:\mainprojects\2022\powerwriter_at_command\source\powerwriter_at_commander_windows\powerwriter_at_commander\debug\powerwri.5d5fb977.tlog\cl.read.1.tlog
e:\mainprojects\2022\powerwriter_at_command\source\powerwriter_at_commander_windows\powerwriter_at_commander\debug\powerwri.5d5fb977.tlog\cl.write.1.tlog
e:\mainprojects\2022\powerwriter_at_command\source\powerwriter_at_commander_windows\powerwriter_at_commander\debug\powerwri.5d5fb977.tlog\link.command.1.tlog
e:\mainprojects\2022\powerwriter_at_command\source\powerwriter_at_commander_windows\powerwriter_at_commander\debug\powerwri.5d5fb977.tlog\link.read.1.tlog
e:\mainprojects\2022\powerwriter_at_command\source\powerwriter_at_commander_windows\powerwriter_at_commander\debug\powerwri.5d5fb977.tlog\link.write.1.tlog
